<?xml version="1.0" ?>
<coverage branch-rate="0" branches-covered="0" branches-valid="0" complexity="0" line-rate="0.9918" lines-covered="730" lines-valid="736" timestamp="1628016877156" version="5.5">
	<!-- Generated by coverage.py: https://coverage.readthedocs.io -->
	<!-- Based on https://raw.githubusercontent.com/cobertura/web/master/htdocs/xml/coverage-04.dtd -->
	<sources>
		<source>path/project</source>
	</sources>
	<packages>
		<package branch-rate="0" complexity="0" line-rate="1" name=".">
			<classes>
				<class branch-rate="0" complexity="0" filename="conftest.py" line-rate="1" name="conftest.py">
					<methods/>
					<lines/>
				</class>
				<class branch-rate="0" complexity="0" filename="main.py" line-rate="0.725" name="main.py">
					<methods/>
					<lines>
						<line hits="1" number="4"/>
						<line hits="1" number="5"/>
						<line hits="1" number="7"/>
						<line hits="1" number="8"/>
						<line hits="1" number="9"/>
						<line hits="1" number="10"/>
						<line hits="1" number="11"/>
						<line hits="1" number="13"/>
						<line hits="1" number="14"/>
						<line hits="1" number="15"/>
						<line hits="1" number="19"/>
						<line hits="1" number="20"/>
						<line hits="1" number="28"/>
						<line hits="0" number="29"/>
						<line hits="0" number="30"/>
						<line hits="1" number="32"/>
						<line hits="1" number="33"/>
						<line hits="1" number="34"/>
						<line hits="0" number="35"/>
						<line hits="0" number="36"/>
						<line hits="0" number="37"/>
						<line hits="1" number="41"/>
						<line hits="1" number="42"/>
						<line hits="1" number="45"/>
						<line hits="1" number="52"/>
						<line hits="1" number="53"/>
						<line hits="0" number="54"/>
						<line hits="0" number="55"/>
						<line hits="1" number="59"/>
						<line hits="1" number="60"/>
						<line hits="1" number="63"/>
						<line hits="1" number="67"/>
						<line hits="0" number="71"/>
						<line hits="0" number="72"/>
						<line hits="1" number="76"/>
						<line hits="1" number="77"/>
						<line hits="0" number="85"/>
						<line hits="0" number="87"/>
						<line hits="0" number="89"/>
						<line hits="0" number="90"/>
					</lines>
				</class>
			</classes>
		</package>
		<package branch-rate="0" complexity="0" line-rate="0.9811" name="steps">
			<classes>
				<class branch-rate="0" complexity="0" filename="steps/trace_step.py" line-rate="1" name="trace_step.py">
					<methods/>
					<lines>
						<line hits="1" number="4"/>
						<line hits="1" number="6"/>
						<line hits="1" number="9"/>
						<line hits="1" number="17"/>
						<line hits="1" number="18"/>
						<line hits="1" number="20"/>
						<line hits="1" number="36"/>
						<line hits="1" number="38"/>
						<line hits="1" number="40"/>
						<line hits="1" number="42"/>
						<line hits="1" number="44"/>
						<line hits="1" number="45"/>
						<line hits="1" number="51"/>
						<line hits="1" number="52"/>
						<line hits="1" number="55"/>
						<line hits="1" number="58"/>
						<line hits="1" number="60"/>
						<line hits="1" number="62"/>
						<line hits="1" number="63"/>
						<line hits="1" number="64"/>
						<line hits="1" number="65"/>
						<line hits="1" number="66"/>
						<line hits="1" number="67"/>
						<line hits="1" number="68"/>
						<line hits="1" number="70"/>
						<line hits="1" number="72"/>
						<line hits="1" number="73"/>
						<line hits="1" number="83"/>
						<line hits="1" number="84"/>
						<line hits="1" number="85"/>
						<line hits="1" number="88"/>
						<line hits="1" number="96"/>
					</lines>
				</class>
				<class branch-rate="0" complexity="0" filename="steps/transformation_step.py" line-rate="0.9518" name="transformation_step.py">
					<methods/>
					<lines>
						<line hits="1" number="4"/>
						<line hits="1" number="7"/>
						<line hits="1" number="13"/>
						<line hits="1" number="17"/>
						<line hits="1" number="19"/>
						<line hits="1" number="21"/>
						<line hits="1" number="36"/>
						<line hits="1" number="37"/>
						<line hits="1" number="39"/>
						<line hits="1" number="41"/>
						<line hits="1" number="42"/>
						<line hits="1" number="44"/>
						<line hits="0" number="45"/>
						<line hits="0" number="46"/>
						<line hits="0" number="47"/>
						<line hits="0" number="48"/>
						<line hits="1" number="50"/>
						<line hits="1" number="51"/>
						<line hits="1" number="52"/>
						<line hits="1" number="55"/>
						<line hits="1" number="57"/>
						<line hits="1" number="59"/>
						<line hits="1" number="60"/>
						<line hits="1" number="62"/>
						<line hits="1" number="63"/>
						<line hits="1" number="64"/>
						<line hits="1" number="65"/>
						<line hits="1" number="66"/>
						<line hits="1" number="67"/>
						<line hits="1" number="68"/>
						<line hits="1" number="71"/>
						<line hits="1" number="73"/>
						<line hits="1" number="75"/>
						<line hits="1" number="89"/>
						<line hits="1" number="91"/>
						<line hits="1" number="92"/>
						<line hits="1" number="93"/>
						<line hits="1" number="94"/>
						<line hits="1" number="95"/>
						<line hits="1" number="96"/>
						<line hits="1" number="97"/>
						<line hits="1" number="98"/>
						<line hits="1" number="101"/>
						<line hits="1" number="104"/>
						<line hits="1" number="107"/>
						<line hits="1" number="110"/>
						<line hits="1" number="113"/>
						<line hits="1" number="116"/>
						<line hits="1" number="117"/>
						<line hits="1" number="120"/>
						<line hits="1" number="121"/>
						<line hits="1" number="124"/>
						<line hits="1" number="127"/>
						<line hits="1" number="128"/>
						<line hits="1" number="129"/>
						<line hits="1" number="130"/>
						<line hits="1" number="131"/>
						<line hits="1" number="132"/>
						<line hits="1" number="133"/>
						<line hits="1" number="134"/>
						<line hits="1" number="135"/>
						<line hits="1" number="136"/>
						<line hits="1" number="137"/>
						<line hits="1" number="138"/>
						<line hits="1" number="139"/>
						<line hits="1" number="140"/>
						<line hits="1" number="141"/>
						<line hits="1" number="142"/>
						<line hits="1" number="143"/>
						<line hits="1" number="144"/>
						<line hits="1" number="145"/>
						<line hits="1" number="146"/>
						<line hits="1" number="147"/>
						<line hits="1" number="148"/>
						<line hits="1" number="149"/>
						<line hits="1" number="150"/>
						<line hits="1" number="151"/>
						<line hits="1" number="152"/>
						<line hits="1" number="153"/>
						<line hits="1" number="154"/>
						<line hits="1" number="156"/>
						<line hits="1" number="158"/>
						<line hits="1" number="173"/>
					</lines>
				</class>
				<class branch-rate="0" complexity="0" filename="steps/validation_step.py" line-rate="0.9901" name="validation_step.py">
					<methods/>
					<lines>
						<line hits="1" number="4"/>
						<line hits="1" number="5"/>
						<line hits="1" number="7"/>
						<line hits="1" number="8"/>
						<line hits="1" number="11"/>
						<line hits="1" number="18"/>
						<line hits="1" number="19"/>
						<line hits="1" number="20"/>
						<line hits="1" number="21"/>
						<line hits="1" number="22"/>
						<line hits="1" number="23"/>
						<line hits="1" number="25"/>
						<line hits="1" number="29"/>
						<line hits="1" number="31"/>
						<line hits="1" number="32"/>
						<line hits="1" number="35"/>
						<line hits="1" number="36"/>
						<line hits="1" number="38"/>
						<line hits="1" number="53"/>
						<line hits="1" number="56"/>
						<line hits="1" number="58"/>
						<line hits="1" number="60"/>
						<line hits="1" number="62"/>
						<line hits="1" number="64"/>
						<line hits="1" number="69"/>
						<line hits="1" number="76"/>
						<line hits="1" number="77"/>
						<line hits="1" number="78"/>
						<line hits="1" number="79"/>
						<line hits="1" number="80"/>
						<line hits="1" number="81"/>
						<line hits="1" number="83"/>
						<line hits="1" number="84"/>
						<line hits="1" number="86"/>
						<line hits="1" number="88"/>
						<line hits="1" number="89"/>
						<line hits="1" number="91"/>
						<line hits="1" number="92"/>
						<line hits="1" number="93"/>
						<line hits="1" number="94"/>
						<line hits="1" number="95"/>
						<line hits="1" number="96"/>
						<line hits="1" number="97"/>
						<line hits="1" number="100"/>
						<line hits="1" number="102"/>
						<line hits="1" number="104"/>
						<line hits="1" number="106"/>
						<line hits="1" number="119"/>
						<line hits="1" number="121"/>
						<line hits="1" number="140"/>
						<line hits="1" number="142"/>
						<line hits="1" number="143"/>
						<line hits="1" number="145"/>
						<line hits="1" number="152"/>
						<line hits="1" number="153"/>
						<line hits="1" number="154"/>
						<line hits="1" number="155"/>
						<line hits="1" number="158"/>
						<line hits="1" number="161"/>
						<line hits="1" number="167"/>
						<line hits="1" number="174"/>
						<line hits="1" number="178"/>
						<line hits="1" number="180"/>
						<line hits="1" number="182"/>
						<line hits="1" number="201"/>
						<line hits="1" number="203"/>
						<line hits="1" number="206"/>
						<line hits="1" number="210"/>
						<line hits="1" number="213"/>
						<line hits="1" number="214"/>
						<line hits="1" number="215"/>
						<line hits="1" number="216"/>
						<line hits="1" number="218"/>
						<line hits="1" number="220"/>
						<line hits="1" number="238"/>
						<line hits="1" number="276"/>
						<line hits="1" number="278"/>
						<line hits="1" number="279"/>
						<line hits="1" number="280"/>
						<line hits="1" number="282"/>
						<line hits="1" number="283"/>
						<line hits="1" number="284"/>
						<line hits="1" number="285"/>
						<line hits="1" number="286"/>
						<line hits="1" number="287"/>
						<line hits="1" number="288"/>
						<line hits="1" number="289"/>
						<line hits="1" number="292"/>
						<line hits="1" number="296"/>
						<line hits="1" number="301"/>
						<line hits="1" number="303"/>
						<line hits="1" number="304"/>
						<line hits="1" number="308"/>
						<line hits="1" number="312"/>
						<line hits="1" number="318"/>
						<line hits="1" number="319"/>
						<line hits="1" number="320"/>
						<line hits="1" number="322"/>
						<line hits="1" number="325"/>
						<line hits="1" number="328"/>
						<line hits="1" number="331"/>
						<line hits="1" number="332"/>
						<line hits="1" number="333"/>
						<line hits="1" number="334"/>
						<line hits="1" number="335"/>
						<line hits="1" number="336"/>
						<line hits="1" number="337"/>
						<line hits="1" number="338"/>
						<line hits="1" number="340"/>
						<line hits="1" number="341"/>
						<line hits="1" number="343"/>
						<line hits="1" number="345"/>
						<line hits="1" number="360"/>
						<line hits="1" number="361"/>
						<line hits="1" number="365"/>
						<line hits="1" number="368"/>
						<line hits="1" number="370"/>
						<line hits="1" number="373"/>
						<line hits="1" number="375"/>
						<line hits="1" number="378"/>
						<line hits="1" number="379"/>
						<line hits="1" number="380"/>
						<line hits="1" number="382"/>
						<line hits="1" number="383"/>
						<line hits="1" number="385"/>
						<line hits="1" number="403"/>
						<line hits="1" number="404"/>
						<line hits="1" number="407"/>
						<line hits="1" number="413"/>
						<line hits="1" number="414"/>
						<line hits="1" number="415"/>
						<line hits="1" number="418"/>
						<line hits="1" number="419"/>
						<line hits="1" number="421"/>
						<line hits="1" number="422"/>
						<line hits="1" number="424"/>
						<line hits="1" number="436"/>
						<line hits="1" number="437"/>
						<line hits="1" number="438"/>
						<line hits="1" number="440"/>
						<line hits="1" number="442"/>
						<line hits="1" number="444"/>
						<line hits="1" number="447"/>
						<line hits="1" number="454"/>
						<line hits="1" number="458"/>
						<line hits="1" number="470"/>
						<line hits="1" number="471"/>
						<line hits="1" number="473"/>
						<line hits="1" number="474"/>
						<line hits="1" number="491"/>
						<line hits="1" number="493"/>
						<line hits="1" number="496"/>
						<line hits="1" number="498"/>
						<line hits="1" number="500"/>
						<line hits="1" number="502"/>
						<line hits="1" number="503"/>
						<line hits="1" number="517"/>
						<line hits="1" number="518"/>
						<line hits="1" number="519"/>
						<line hits="1" number="520"/>
						<line hits="1" number="521"/>
						<line hits="1" number="523"/>
						<line hits="1" number="524"/>
						<line hits="1" number="538"/>
						<line hits="1" number="539"/>
						<line hits="1" number="540"/>
						<line hits="1" number="541"/>
						<line hits="1" number="542"/>
						<line hits="1" number="544"/>
						<line hits="1" number="545"/>
						<line hits="1" number="559"/>
						<line hits="1" number="561"/>
						<line hits="1" number="562"/>
						<line hits="1" number="576"/>
						<line hits="1" number="578"/>
						<line hits="1" number="579"/>
						<line hits="1" number="593"/>
						<line hits="1" number="595"/>
						<line hits="1" number="611"/>
						<line hits="1" number="616"/>
						<line hits="1" number="617"/>
						<line hits="1" number="633"/>
						<line hits="1" number="634"/>
						<line hits="0" number="637"/>
						<line hits="0" number="638"/>
						<line hits="1" number="639"/>
						<line hits="1" number="641"/>
						<line hits="1" number="656"/>
						<line hits="1" number="659"/>
						<line hits="1" number="661"/>
						<line hits="1" number="667"/>
						<line hits="1" number="670"/>
						<line hits="1" number="673"/>
						<line hits="1" number="679"/>
						<line hits="1" number="681"/>
						<line hits="1" number="696"/>
						<line hits="1" number="703"/>
						<line hits="1" number="709"/>
						<line hits="1" number="711"/>
						<line hits="1" number="712"/>
						<line hits="1" number="726"/>
						<line hits="1" number="730"/>
					</lines>
				</class>
			</classes>
		</package>
		<package branch-rate="0" complexity="0" line-rate="1" name="tests.functional_test">
			<classes>
				<class branch-rate="0" complexity="0" filename="tests/functional_test/test_steps.py" line-rate="1" name="test_steps.py">
					<methods/>
					<lines>
						<line hits="1" number="4"/>
						<line hits="1" number="5"/>
						<line hits="1" number="7"/>
						<line hits="1" number="9"/>
						<line hits="1" number="10"/>
						<line hits="1" number="11"/>
						<line hits="1" number="14"/>
						<line hits="1" number="15"/>
						<line hits="1" number="16"/>
						<line hits="1" number="18"/>
						<line hits="1" number="244"/>
						<line hits="1" number="245"/>
						<line hits="1" number="246"/>
						<line hits="1" number="247"/>
						<line hits="1" number="248"/>
						<line hits="1" number="249"/>
						<line hits="1" number="250"/>
						<line hits="1" number="251"/>
						<line hits="1" number="253"/>
						<line hits="1" number="255"/>
						<line hits="1" number="256"/>
						<line hits="1" number="257"/>
						<line hits="1" number="259"/>
						<line hits="1" number="260"/>
						<line hits="1" number="262"/>
						<line hits="1" number="263"/>
						<line hits="1" number="265"/>
						<line hits="1" number="266"/>
						<line hits="1" number="267"/>
						<line hits="1" number="268"/>
						<line hits="1" number="269"/>
						<line hits="1" number="270"/>
						<line hits="1" number="272"/>
						<line hits="1" number="273"/>
						<line hits="1" number="274"/>
						<line hits="1" number="275"/>
						<line hits="1" number="276"/>
					</lines>
				</class>
			</classes>
		</package>
		<package branch-rate="0" complexity="0" line-rate="1" name="tests.unit_test">
			<classes>
				<class branch-rate="0" complexity="0" filename="tests/unit_test/test_trace_step.py" line-rate="1" name="test_trace_step.py">
					<methods/>
					<lines>
						<line hits="1" number="4"/>
						<line hits="1" number="5"/>
						<line hits="1" number="6"/>
						<line hits="1" number="8"/>
						<line hits="1" number="10"/>
						<line hits="1" number="12"/>
						<line hits="1" number="17"/>
						<line hits="1" number="18"/>
						<line hits="1" number="20"/>
						<line hits="1" number="21"/>
						<line hits="1" number="23"/>
						<line hits="1" number="24"/>
						<line hits="1" number="25"/>
						<line hits="1" number="33"/>
						<line hits="1" number="38"/>
						<line hits="1" number="39"/>
						<line hits="1" number="40"/>
						<line hits="1" number="52"/>
						<line hits="1" number="53"/>
						<line hits="1" number="54"/>
						<line hits="1" number="55"/>
						<line hits="1" number="56"/>
						<line hits="1" number="58"/>
						<line hits="1" number="63"/>
						<line hits="1" number="67"/>
						<line hits="1" number="71"/>
						<line hits="1" number="75"/>
						<line hits="1" number="80"/>
						<line hits="1" number="85"/>
						<line hits="1" number="90"/>
						<line hits="1" number="95"/>
						<line hits="1" number="96"/>
						<line hits="1" number="97"/>
						<line hits="1" number="98"/>
						<line hits="1" number="99"/>
						<line hits="1" number="104"/>
						<line hits="1" number="105"/>
						<line hits="1" number="106"/>
						<line hits="1" number="107"/>
						<line hits="1" number="108"/>
						<line hits="1" number="110"/>
						<line hits="1" number="115"/>
						<line hits="1" number="119"/>
						<line hits="1" number="123"/>
						<line hits="1" number="125"/>
						<line hits="1" number="126"/>
						<line hits="1" number="127"/>
						<line hits="1" number="131"/>
						<line hits="1" number="133"/>
						<line hits="1" number="134"/>
						<line hits="1" number="135"/>
						<line hits="1" number="137"/>
						<line hits="1" number="138"/>
						<line hits="1" number="139"/>
						<line hits="1" number="140"/>
						<line hits="1" number="141"/>
						<line hits="1" number="142"/>
					</lines>
				</class>
				<class branch-rate="0" complexity="0" filename="tests/unit_test/test_transformation_step.py" line-rate="1" name="test_transformation_step.py">
					<methods/>
					<lines>
						<line hits="1" number="4"/>
						<line hits="1" number="5"/>
						<line hits="1" number="7"/>
						<line hits="1" number="8"/>
						<line hits="1" number="10"/>
						<line hits="1" number="16"/>
						<line hits="1" number="17"/>
						<line hits="1" number="19"/>
						<line hits="1" number="23"/>
						<line hits="1" number="27"/>
						<line hits="1" number="31"/>
						<line hits="1" number="35"/>
						<line hits="1" number="37"/>
						<line hits="1" number="47"/>
						<line hits="1" number="48"/>
						<line hits="1" number="49"/>
						<line hits="1" number="50"/>
						<line hits="1" number="51"/>
						<line hits="1" number="53"/>
						<line hits="1" number="54"/>
						<line hits="1" number="55"/>
						<line hits="1" number="56"/>
						<line hits="1" number="57"/>
						<line hits="1" number="60"/>
						<line hits="1" number="61"/>
						<line hits="1" number="62"/>
						<line hits="1" number="63"/>
						<line hits="1" number="64"/>
						<line hits="1" number="65"/>
						<line hits="1" number="66"/>
						<line hits="1" number="68"/>
						<line hits="1" number="73"/>
						<line hits="1" number="78"/>
						<line hits="1" number="83"/>
						<line hits="1" number="88"/>
						<line hits="1" number="90"/>
						<line hits="1" number="91"/>
						<line hits="1" number="92"/>
						<line hits="1" number="93"/>
						<line hits="1" number="94"/>
						<line hits="1" number="95"/>
						<line hits="1" number="96"/>
						<line hits="1" number="98"/>
						<line hits="1" number="103"/>
						<line hits="1" number="107"/>
						<line hits="1" number="112"/>
						<line hits="1" number="117"/>
						<line hits="1" number="119"/>
						<line hits="1" number="120"/>
						<line hits="1" number="121"/>
						<line hits="1" number="123"/>
						<line hits="1" number="128"/>
						<line hits="1" number="133"/>
						<line hits="1" number="134"/>
						<line hits="1" number="135"/>
						<line hits="1" number="136"/>
						<line hits="1" number="137"/>
						<line hits="1" number="138"/>
						<line hits="1" number="139"/>
						<line hits="1" number="143"/>
					</lines>
				</class>
				<class branch-rate="0" complexity="0" filename="tests/unit_test/test_validations_step.py" line-rate="1" name="test_validations_step.py">
					<methods/>
					<lines>
						<line hits="1" number="4"/>
						<line hits="1" number="5"/>
						<line hits="1" number="6"/>
						<line hits="1" number="8"/>
						<line hits="1" number="10"/>
						<line hits="1" number="12"/>
						<line hits="1" number="18"/>
						<line hits="1" number="19"/>
						<line hits="1" number="20"/>
						<line hits="1" number="21"/>
						<line hits="1" number="23"/>
						<line hits="1" number="28"/>
						<line hits="1" number="44"/>
						<line hits="1" number="60"/>
						<line hits="1" number="72"/>
						<line hits="1" number="85"/>
						<line hits="1" number="95"/>
						<line hits="1" number="105"/>
						<line hits="1" number="106"/>
						<line hits="1" number="107"/>
						<line hits="1" number="108"/>
						<line hits="1" number="111"/>
						<line hits="1" number="118"/>
						<line hits="1" number="128"/>
						<line hits="1" number="133"/>
						<line hits="1" number="145"/>
						<line hits="1" number="157"/>
						<line hits="1" number="172"/>
						<line hits="1" number="179"/>
						<line hits="1" number="186"/>
						<line hits="1" number="193"/>
						<line hits="1" number="199"/>
						<line hits="1" number="206"/>
						<line hits="1" number="213"/>
						<line hits="1" number="214"/>
						<line hits="1" number="216"/>
						<line hits="1" number="219"/>
						<line hits="1" number="220"/>
						<line hits="1" number="221"/>
						<line hits="1" number="222"/>
						<line hits="1" number="223"/>
						<line hits="1" number="225"/>
						<line hits="1" number="226"/>
						<line hits="1" number="227"/>
						<line hits="1" number="228"/>
						<line hits="1" number="229"/>
						<line hits="1" number="232"/>
						<line hits="1" number="233"/>
						<line hits="1" number="234"/>
						<line hits="1" number="237"/>
						<line hits="1" number="241"/>
						<line hits="1" number="242"/>
						<line hits="1" number="243"/>
						<line hits="1" number="244"/>
						<line hits="1" number="245"/>
						<line hits="1" number="246"/>
						<line hits="1" number="247"/>
						<line hits="1" number="249"/>
						<line hits="1" number="254"/>
						<line hits="1" number="259"/>
						<line hits="1" number="264"/>
						<line hits="1" number="269"/>
						<line hits="1" number="270"/>
						<line hits="1" number="275"/>
						<line hits="1" number="280"/>
						<line hits="1" number="285"/>
						<line hits="1" number="286"/>
						<line hits="1" number="291"/>
						<line hits="1" number="295"/>
						<line hits="1" number="300"/>
						<line hits="1" number="302"/>
						<line hits="1" number="303"/>
						<line hits="1" number="304"/>
						<line hits="1" number="305"/>
						<line hits="1" number="306"/>
						<line hits="1" number="307"/>
						<line hits="1" number="308"/>
						<line hits="1" number="310"/>
						<line hits="1" number="315"/>
						<line hits="1" number="320"/>
						<line hits="1" number="324"/>
						<line hits="1" number="329"/>
						<line hits="1" number="334"/>
						<line hits="1" number="336"/>
						<line hits="1" number="338"/>
						<line hits="1" number="339"/>
						<line hits="1" number="341"/>
						<line hits="1" number="342"/>
						<line hits="1" number="343"/>
						<line hits="1" number="349"/>
						<line hits="1" number="350"/>
						<line hits="1" number="352"/>
						<line hits="1" number="353"/>
						<line hits="1" number="355"/>
						<line hits="1" number="361"/>
						<line hits="1" number="362"/>
						<line hits="1" number="367"/>
						<line hits="1" number="368"/>
						<line hits="1" number="372"/>
						<line hits="1" number="373"/>
						<line hits="1" number="378"/>
						<line hits="1" number="379"/>
						<line hits="1" number="383"/>
						<line hits="1" number="384"/>
						<line hits="1" number="389"/>
						<line hits="1" number="390"/>
						<line hits="1" number="394"/>
						<line hits="1" number="395"/>
						<line hits="1" number="399"/>
						<line hits="1" number="404"/>
						<line hits="1" number="409"/>
						<line hits="1" number="410"/>
						<line hits="1" number="412"/>
						<line hits="1" number="413"/>
						<line hits="1" number="418"/>
						<line hits="1" number="423"/>
						<line hits="1" number="424"/>
						<line hits="1" number="428"/>
						<line hits="1" number="433"/>
						<line hits="1" number="434"/>
						<line hits="1" number="439"/>
						<line hits="1" number="440"/>
						<line hits="1" number="445"/>
						<line hits="1" number="446"/>
						<line hits="1" number="448"/>
						<line hits="1" number="449"/>
						<line hits="1" number="454"/>
						<line hits="1" number="455"/>
						<line hits="1" number="460"/>
						<line hits="1" number="461"/>
						<line hits="1" number="465"/>
						<line hits="1" number="466"/>
						<line hits="1" number="471"/>
						<line hits="1" number="472"/>
						<line hits="1" number="476"/>
						<line hits="1" number="481"/>
						<line hits="1" number="482"/>
						<line hits="1" number="486"/>
						<line hits="1" number="491"/>
						<line hits="1" number="492"/>
						<line hits="1" number="496"/>
						<line hits="1" number="501"/>
						<line hits="1" number="502"/>
						<line hits="1" number="504"/>
						<line hits="1" number="505"/>
						<line hits="1" number="510"/>
						<line hits="1" number="515"/>
						<line hits="1" number="516"/>
						<line hits="1" number="520"/>
						<line hits="1" number="525"/>
						<line hits="1" number="529"/>
						<line hits="1" number="533"/>
						<line hits="1" number="537"/>
						<line hits="1" number="541"/>
						<line hits="1" number="545"/>
						<line hits="1" number="550"/>
						<line hits="1" number="551"/>
						<line hits="1" number="555"/>
						<line hits="1" number="559"/>
						<line hits="1" number="564"/>
						<line hits="1" number="565"/>
						<line hits="1" number="569"/>
						<line hits="1" number="573"/>
						<line hits="1" number="577"/>
						<line hits="1" number="578"/>
						<line hits="1" number="582"/>
						<line hits="1" number="586"/>
						<line hits="1" number="591"/>
						<line hits="1" number="592"/>
						<line hits="1" number="594"/>
						<line hits="1" number="595"/>
						<line hits="1" number="600"/>
						<line hits="1" number="605"/>
						<line hits="1" number="606"/>
						<line hits="1" number="610"/>
						<line hits="1" number="615"/>
						<line hits="1" number="619"/>
						<line hits="1" number="623"/>
						<line hits="1" number="627"/>
						<line hits="1" number="631"/>
						<line hits="1" number="635"/>
						<line hits="1" number="640"/>
						<line hits="1" number="641"/>
						<line hits="1" number="645"/>
						<line hits="1" number="649"/>
						<line hits="1" number="654"/>
						<line hits="1" number="655"/>
						<line hits="1" number="659"/>
						<line hits="1" number="663"/>
						<line hits="1" number="668"/>
						<line hits="1" number="669"/>
						<line hits="1" number="673"/>
						<line hits="1" number="677"/>
						<line hits="1" number="682"/>
						<line hits="1" number="683"/>
						<line hits="1" number="684"/>
						<line hits="1" number="686"/>
						<line hits="1" number="687"/>
						<line hits="1" number="688"/>
						<line hits="1" number="694"/>
						<line hits="1" number="695"/>
						<line hits="1" number="697"/>
						<line hits="1" number="698"/>
						<line hits="1" number="700"/>
						<line hits="1" number="704"/>
						<line hits="1" number="705"/>
						<line hits="1" number="709"/>
						<line hits="1" number="710"/>
						<line hits="1" number="715"/>
						<line hits="1" number="716"/>
						<line hits="1" number="718"/>
						<line hits="1" number="719"/>
						<line hits="1" number="721"/>
						<line hits="1" number="725"/>
						<line hits="1" number="726"/>
						<line hits="1" number="730"/>
						<line hits="1" number="731"/>
						<line hits="1" number="736"/>
						<line hits="1" number="737"/>
						<line hits="1" number="739"/>
						<line hits="1" number="740"/>
						<line hits="1" number="742"/>
						<line hits="1" number="743"/>
						<line hits="1" number="745"/>
						<line hits="1" number="746"/>
						<line hits="1" number="748"/>
						<line hits="1" number="749"/>
						<line hits="1" number="753"/>
						<line hits="1" number="754"/>
						<line hits="1" number="759"/>
						<line hits="1" number="764"/>
						<line hits="1" number="765"/>
						<line hits="1" number="766"/>
						<line hits="1" number="768"/>
						<line hits="1" number="773"/>
						<line hits="1" number="774"/>
						<line hits="1" number="776"/>
						<line hits="1" number="781"/>
						<line hits="1" number="786"/>
						<line hits="1" number="787"/>
						<line hits="1" number="788"/>
						<line hits="1" number="793"/>
						<line hits="1" number="798"/>
						<line hits="1" number="799"/>
						<line hits="1" number="801"/>
						<line hits="1" number="806"/>
						<line hits="1" number="811"/>
						<line hits="1" number="812"/>
						<line hits="1" number="813"/>
						<line hits="1" number="818"/>
						<line hits="1" number="823"/>
						<line hits="1" number="824"/>
						<line hits="1" number="826"/>
						<line hits="1" number="831"/>
						<line hits="1" number="832"/>
						<line hits="1" number="834"/>
						<line hits="1" number="839"/>
						<line hits="1" number="840"/>
						<line hits="1" number="841"/>
						<line hits="1" number="842"/>
						<line hits="1" number="847"/>
						<line hits="1" number="848"/>
						<line hits="1" number="849"/>
						<line hits="1" number="850"/>
						<line hits="1" number="851"/>
					</lines>
				</class>
			</classes>
		</package>
	</packages>
</coverage>
